{"/Users/kamildydo/Projects/express-projs/fligth-check-in-node/app.js": {"path":"/Users/kamildydo/Projects/express-projs/fligth-check-in-node/app.js","statementMap":{"0":{"start":{"line":1,"column":18},"end":{"line":1,"column":40}},"1":{"start":{"line":2,"column":14},"end":{"line":2,"column":32}},"2":{"start":{"line":3,"column":11},"end":{"line":3,"column":26}},"3":{"start":{"line":4,"column":19},"end":{"line":4,"column":43}},"4":{"start":{"line":5,"column":13},"end":{"line":5,"column":30}},"5":{"start":{"line":7,"column":18},"end":{"line":7,"column":43}},"6":{"start":{"line":8,"column":18},"end":{"line":8,"column":43}},"7":{"start":{"line":9,"column":20},"end":{"line":9,"column":45}},"8":{"start":{"line":10,"column":27},"end":{"line":10,"column":59}},"9":{"start":{"line":11,"column":26},"end":{"line":11,"column":52}},"10":{"start":{"line":13,"column":10},"end":{"line":13,"column":19}},"11":{"start":{"line":16,"column":0},"end":{"line":16,"column":47}},"12":{"start":{"line":17,"column":0},"end":{"line":17,"column":30}},"13":{"start":{"line":19,"column":0},"end":{"line":19,"column":22}},"14":{"start":{"line":20,"column":0},"end":{"line":20,"column":23}},"15":{"start":{"line":21,"column":0},"end":{"line":21,"column":48}},"16":{"start":{"line":22,"column":0},"end":{"line":22,"column":23}},"17":{"start":{"line":23,"column":0},"end":{"line":23,"column":55}},"18":{"start":{"line":25,"column":0},"end":{"line":25,"column":25}},"19":{"start":{"line":26,"column":0},"end":{"line":26,"column":30}},"20":{"start":{"line":27,"column":0},"end":{"line":27,"column":30}},"21":{"start":{"line":28,"column":0},"end":{"line":28,"column":44}},"22":{"start":{"line":31,"column":0},"end":{"line":33,"column":2}},"23":{"start":{"line":32,"column":2},"end":{"line":32,"column":24}},"24":{"start":{"line":36,"column":0},"end":{"line":44,"column":2}},"25":{"start":{"line":38,"column":2},"end":{"line":38,"column":34}},"26":{"start":{"line":39,"column":2},"end":{"line":39,"column":68}},"27":{"start":{"line":42,"column":2},"end":{"line":42,"column":31}},"28":{"start":{"line":43,"column":2},"end":{"line":43,"column":21}},"29":{"start":{"line":46,"column":0},"end":{"line":46,"column":15}},"30":{"start":{"line":48,"column":0},"end":{"line":48,"column":20}}},"fnMap":{"0":{"name":"(anonymous_0)","decl":{"start":{"line":31,"column":8},"end":{"line":31,"column":9}},"loc":{"start":{"line":31,"column":34},"end":{"line":33,"column":1}},"line":31},"1":{"name":"(anonymous_1)","decl":{"start":{"line":36,"column":8},"end":{"line":36,"column":9}},"loc":{"start":{"line":36,"column":39},"end":{"line":44,"column":1}},"line":36}},"branchMap":{"0":{"loc":{"start":{"line":39,"column":21},"end":{"line":39,"column":68}},"type":"cond-expr","locations":[{"start":{"line":39,"column":60},"end":{"line":39,"column":63}},{"start":{"line":39,"column":66},"end":{"line":39,"column":68}}],"line":39},"1":{"loc":{"start":{"line":42,"column":13},"end":{"line":42,"column":30}},"type":"binary-expr","locations":[{"start":{"line":42,"column":13},"end":{"line":42,"column":23}},{"start":{"line":42,"column":27},"end":{"line":42,"column":30}}],"line":42}},"s":{"0":2,"1":2,"2":2,"3":2,"4":2,"5":2,"6":2,"7":2,"8":2,"9":2,"10":2,"11":2,"12":2,"13":2,"14":2,"15":2,"16":2,"17":2,"18":2,"19":2,"20":2,"21":2,"22":2,"23":0,"24":2,"25":0,"26":0,"27":0,"28":0,"29":2,"30":2},"f":{"0":0,"1":0},"b":{"0":[0,0],"1":[0,0]},"_coverageSchema":"332fd63041d2c1bcb487cc26dd0d5f7d97098a6c","hash":"d6bbdee32f2e4bea5a0aa409d0dd18d27cb23e34"}
,"/Users/kamildydo/Projects/express-projs/fligth-check-in-node/consts.js": {"path":"/Users/kamildydo/Projects/express-projs/fligth-check-in-node/consts.js","statementMap":{"0":{"start":{"line":1,"column":30},"end":{"line":1,"column":63}},"1":{"start":{"line":3,"column":0},"end":{"line":3,"column":42}}},"fnMap":{},"branchMap":{},"s":{"0":3,"1":3},"f":{},"b":{},"_coverageSchema":"332fd63041d2c1bcb487cc26dd0d5f7d97098a6c","hash":"2cae10a10ea063d45efdf3ae67d2f57b38ea11d2"}
,"/Users/kamildydo/Projects/express-projs/fligth-check-in-node/generateSeats.js": {"path":"/Users/kamildydo/Projects/express-projs/fligth-check-in-node/generateSeats.js","statementMap":{"0":{"start":{"line":1,"column":34},"end":{"line":1,"column":53}},"1":{"start":{"line":3,"column":13},"end":{"line":3,"column":37}},"2":{"start":{"line":5,"column":17},"end":{"line":5,"column":36}},"3":{"start":{"line":6,"column":18},"end":{"line":6,"column":21}},"4":{"start":{"line":9,"column":2},"end":{"line":9,"column":41}},"5":{"start":{"line":10,"column":2},"end":{"line":42,"column":4}},"6":{"start":{"line":11,"column":4},"end":{"line":40,"column":5}},"7":{"start":{"line":13,"column":6},"end":{"line":39,"column":8}},"8":{"start":{"line":14,"column":8},"end":{"line":38,"column":9}},"9":{"start":{"line":15,"column":21},"end":{"line":15,"column":26}},"10":{"start":{"line":16,"column":10},"end":{"line":37,"column":11}},"11":{"start":{"line":18,"column":25},"end":{"line":21,"column":14}},"12":{"start":{"line":22,"column":12},"end":{"line":22,"column":23}},"13":{"start":{"line":23,"column":17},"end":{"line":37,"column":11}},"14":{"start":{"line":25,"column":25},"end":{"line":28,"column":14}},"15":{"start":{"line":29,"column":12},"end":{"line":29,"column":23}},"16":{"start":{"line":30,"column":17},"end":{"line":37,"column":11}},"17":{"start":{"line":32,"column":25},"end":{"line":35,"column":14}},"18":{"start":{"line":36,"column":12},"end":{"line":36,"column":23}},"19":{"start":{"line":45,"column":0},"end":{"line":45,"column":45}}},"fnMap":{"0":{"name":"generateSeats","decl":{"start":{"line":8,"column":9},"end":{"line":8,"column":22}},"loc":{"start":{"line":8,"column":26},"end":{"line":43,"column":1}},"line":8},"1":{"name":"(anonymous_1)","decl":{"start":{"line":10,"column":21},"end":{"line":10,"column":22}},"loc":{"start":{"line":10,"column":30},"end":{"line":42,"column":3}},"line":10},"2":{"name":"(anonymous_2)","decl":{"start":{"line":13,"column":33},"end":{"line":13,"column":34}},"loc":{"start":{"line":13,"column":40},"end":{"line":39,"column":7}},"line":13}},"branchMap":{"0":{"loc":{"start":{"line":11,"column":4},"end":{"line":40,"column":5}},"type":"if","locations":[{"start":{"line":11,"column":4},"end":{"line":40,"column":5}},{"start":{"line":11,"column":4},"end":{"line":40,"column":5}}],"line":11},"1":{"loc":{"start":{"line":16,"column":10},"end":{"line":37,"column":11}},"type":"if","locations":[{"start":{"line":16,"column":10},"end":{"line":37,"column":11}},{"start":{"line":16,"column":10},"end":{"line":37,"column":11}}],"line":16},"2":{"loc":{"start":{"line":16,"column":14},"end":{"line":16,"column":40}},"type":"binary-expr","locations":[{"start":{"line":16,"column":14},"end":{"line":16,"column":25}},{"start":{"line":16,"column":29},"end":{"line":16,"column":40}}],"line":16},"3":{"loc":{"start":{"line":23,"column":17},"end":{"line":37,"column":11}},"type":"if","locations":[{"start":{"line":23,"column":17},"end":{"line":37,"column":11}},{"start":{"line":23,"column":17},"end":{"line":37,"column":11}}],"line":23},"4":{"loc":{"start":{"line":23,"column":21},"end":{"line":23,"column":47}},"type":"binary-expr","locations":[{"start":{"line":23,"column":21},"end":{"line":23,"column":32}},{"start":{"line":23,"column":36},"end":{"line":23,"column":47}}],"line":23},"5":{"loc":{"start":{"line":30,"column":17},"end":{"line":37,"column":11}},"type":"if","locations":[{"start":{"line":30,"column":17},"end":{"line":37,"column":11}},{"start":{"line":30,"column":17},"end":{"line":37,"column":11}}],"line":30},"6":{"loc":{"start":{"line":30,"column":21},"end":{"line":30,"column":47}},"type":"binary-expr","locations":[{"start":{"line":30,"column":21},"end":{"line":30,"column":32}},{"start":{"line":30,"column":36},"end":{"line":30,"column":47}}],"line":30}},"s":{"0":2,"1":2,"2":2,"3":2,"4":2,"5":2,"6":2,"7":0,"8":0,"9":0,"10":0,"11":0,"12":0,"13":0,"14":0,"15":0,"16":0,"17":0,"18":0,"19":2},"f":{"0":2,"1":2,"2":0},"b":{"0":[0,2],"1":[0,0],"2":[0,0],"3":[0,0],"4":[0,0],"5":[0,0],"6":[0,0]},"_coverageSchema":"332fd63041d2c1bcb487cc26dd0d5f7d97098a6c","hash":"574a84797e9e09939953e55f110659c65d876903"}
,"/Users/kamildydo/Projects/express-projs/fligth-check-in-node/models/reservation.js": {"path":"/Users/kamildydo/Projects/express-projs/fligth-check-in-node/models/reservation.js","statementMap":{"0":{"start":{"line":1,"column":17},"end":{"line":1,"column":36}},"1":{"start":{"line":2,"column":15},"end":{"line":2,"column":32}},"2":{"start":{"line":4,"column":13},"end":{"line":4,"column":30}},"3":{"start":{"line":5,"column":13},"end":{"line":5,"column":30}},"4":{"start":{"line":7,"column":15},"end":{"line":7,"column":30}},"5":{"start":{"line":9,"column":26},"end":{"line":14,"column":2}},"6":{"start":{"line":16,"column":0},"end":{"line":46,"column":1}},"7":{"start":{"line":17,"column":2},"end":{"line":45,"column":4}},"8":{"start":{"line":18,"column":4},"end":{"line":44,"column":6}},"9":{"start":{"line":19,"column":6},"end":{"line":21,"column":7}},"10":{"start":{"line":20,"column":8},"end":{"line":20,"column":63}},"11":{"start":{"line":23,"column":6},"end":{"line":43,"column":8}},"12":{"start":{"line":24,"column":8},"end":{"line":42,"column":10}},"13":{"start":{"line":25,"column":10},"end":{"line":27,"column":11}},"14":{"start":{"line":26,"column":12},"end":{"line":26,"column":61}},"15":{"start":{"line":29,"column":10},"end":{"line":41,"column":12}},"16":{"start":{"line":30,"column":12},"end":{"line":32,"column":13}},"17":{"start":{"line":31,"column":14},"end":{"line":31,"column":52}},"18":{"start":{"line":34,"column":12},"end":{"line":40,"column":14}},"19":{"start":{"line":35,"column":34},"end":{"line":38,"column":16}},"20":{"start":{"line":39,"column":14},"end":{"line":39,"column":39}},"21":{"start":{"line":48,"column":0},"end":{"line":50,"column":1}},"22":{"start":{"line":49,"column":2},"end":{"line":49,"column":24}},"23":{"start":{"line":52,"column":0},"end":{"line":52,"column":65}}},"fnMap":{"0":{"name":"(anonymous_0)","decl":{"start":{"line":16,"column":44},"end":{"line":16,"column":45}},"loc":{"start":{"line":16,"column":79},"end":{"line":46,"column":1}},"line":16},"1":{"name":"(anonymous_1)","decl":{"start":{"line":17,"column":38},"end":{"line":17,"column":39}},"loc":{"start":{"line":17,"column":46},"end":{"line":45,"column":3}},"line":17},"2":{"name":"(anonymous_2)","decl":{"start":{"line":18,"column":39},"end":{"line":18,"column":40}},"loc":{"start":{"line":18,"column":56},"end":{"line":44,"column":5}},"line":18},"3":{"name":"(anonymous_3)","decl":{"start":{"line":23,"column":47},"end":{"line":23,"column":48}},"loc":{"start":{"line":23,"column":55},"end":{"line":43,"column":7}},"line":23},"4":{"name":"(anonymous_4)","decl":{"start":{"line":24,"column":43},"end":{"line":24,"column":44}},"loc":{"start":{"line":24,"column":60},"end":{"line":42,"column":9}},"line":24},"5":{"name":"(anonymous_5)","decl":{"start":{"line":29,"column":53},"end":{"line":29,"column":54}},"loc":{"start":{"line":29,"column":61},"end":{"line":41,"column":11}},"line":29},"6":{"name":"(anonymous_6)","decl":{"start":{"line":34,"column":53},"end":{"line":34,"column":54}},"loc":{"start":{"line":34,"column":61},"end":{"line":40,"column":13}},"line":34},"7":{"name":"(anonymous_7)","decl":{"start":{"line":48,"column":50},"end":{"line":48,"column":51}},"loc":{"start":{"line":48,"column":62},"end":{"line":50,"column":1}},"line":48}},"branchMap":{"0":{"loc":{"start":{"line":19,"column":6},"end":{"line":21,"column":7}},"type":"if","locations":[{"start":{"line":19,"column":6},"end":{"line":21,"column":7}},{"start":{"line":19,"column":6},"end":{"line":21,"column":7}}],"line":19},"1":{"loc":{"start":{"line":25,"column":10},"end":{"line":27,"column":11}},"type":"if","locations":[{"start":{"line":25,"column":10},"end":{"line":27,"column":11}},{"start":{"line":25,"column":10},"end":{"line":27,"column":11}}],"line":25},"2":{"loc":{"start":{"line":30,"column":12},"end":{"line":32,"column":13}},"type":"if","locations":[{"start":{"line":30,"column":12},"end":{"line":32,"column":13}},{"start":{"line":30,"column":12},"end":{"line":32,"column":13}}],"line":30}},"s":{"0":3,"1":3,"2":3,"3":3,"4":3,"5":3,"6":3,"7":2,"8":2,"9":2,"10":0,"11":2,"12":2,"13":2,"14":0,"15":2,"16":2,"17":0,"18":2,"19":2,"20":2,"21":3,"22":1,"23":3},"f":{"0":2,"1":2,"2":2,"3":2,"4":2,"5":2,"6":2,"7":1},"b":{"0":[0,2],"1":[0,2],"2":[0,2]},"_coverageSchema":"332fd63041d2c1bcb487cc26dd0d5f7d97098a6c","hash":"d9e5178f4c99706f98d6081c189c612c6d988651"}
,"/Users/kamildydo/Projects/express-projs/fligth-check-in-node/models/seat.js": {"path":"/Users/kamildydo/Projects/express-projs/fligth-check-in-node/models/seat.js","statementMap":{"0":{"start":{"line":1,"column":17},"end":{"line":1,"column":36}},"1":{"start":{"line":5,"column":15},"end":{"line":5,"column":30}},"2":{"start":{"line":7,"column":19},"end":{"line":12,"column":2}},"3":{"start":{"line":14,"column":0},"end":{"line":16,"column":1}},"4":{"start":{"line":15,"column":2},"end":{"line":15,"column":24}},"5":{"start":{"line":18,"column":0},"end":{"line":18,"column":51}}},"fnMap":{"0":{"name":"(anonymous_0)","decl":{"start":{"line":14,"column":36},"end":{"line":14,"column":37}},"loc":{"start":{"line":14,"column":48},"end":{"line":16,"column":1}},"line":14}},"branchMap":{},"s":{"0":3,"1":3,"2":3,"3":3,"4":0,"5":3},"f":{"0":0},"b":{},"_coverageSchema":"332fd63041d2c1bcb487cc26dd0d5f7d97098a6c","hash":"76d311590fd13646361aa3e1dd238878d1e93629"}
,"/Users/kamildydo/Projects/express-projs/fligth-check-in-node/models/user.js": {"path":"/Users/kamildydo/Projects/express-projs/fligth-check-in-node/models/user.js","statementMap":{"0":{"start":{"line":1,"column":17},"end":{"line":1,"column":36}},"1":{"start":{"line":2,"column":15},"end":{"line":2,"column":32}},"2":{"start":{"line":4,"column":15},"end":{"line":4,"column":30}},"3":{"start":{"line":6,"column":19},"end":{"line":9,"column":2}},"4":{"start":{"line":12,"column":2},"end":{"line":14,"column":4}},"5":{"start":{"line":13,"column":4},"end":{"line":13,"column":15}},"6":{"start":{"line":17,"column":0},"end":{"line":30,"column":1}},"7":{"start":{"line":18,"column":15},"end":{"line":18,"column":19}},"8":{"start":{"line":20,"column":2},"end":{"line":29,"column":4}},"9":{"start":{"line":21,"column":17},"end":{"line":24,"column":6}},"10":{"start":{"line":25,"column":4},"end":{"line":28,"column":24}},"11":{"start":{"line":27,"column":20},"end":{"line":27,"column":30}},"12":{"start":{"line":28,"column":20},"end":{"line":28,"column":23}},"13":{"start":{"line":32,"column":0},"end":{"line":34,"column":1}},"14":{"start":{"line":33,"column":2},"end":{"line":33,"column":24}},"15":{"start":{"line":36,"column":0},"end":{"line":38,"column":1}},"16":{"start":{"line":37,"column":2},"end":{"line":37,"column":67}},"17":{"start":{"line":37,"column":62},"end":{"line":37,"column":66}},"18":{"start":{"line":40,"column":0},"end":{"line":40,"column":51}}},"fnMap":{"0":{"name":"hashPassword","decl":{"start":{"line":11,"column":9},"end":{"line":11,"column":21}},"loc":{"start":{"line":11,"column":33},"end":{"line":15,"column":1}},"line":11},"1":{"name":"(anonymous_1)","decl":{"start":{"line":12,"column":40},"end":{"line":12,"column":41}},"loc":{"start":{"line":12,"column":48},"end":{"line":14,"column":3}},"line":12},"2":{"name":"(anonymous_2)","decl":{"start":{"line":17,"column":32},"end":{"line":17,"column":33}},"loc":{"start":{"line":17,"column":59},"end":{"line":30,"column":1}},"line":17},"3":{"name":"(anonymous_3)","decl":{"start":{"line":20,"column":37},"end":{"line":20,"column":38}},"loc":{"start":{"line":20,"column":45},"end":{"line":29,"column":3}},"line":20},"4":{"name":"(anonymous_4)","decl":{"start":{"line":27,"column":12},"end":{"line":27,"column":13}},"loc":{"start":{"line":27,"column":20},"end":{"line":27,"column":30}},"line":27},"5":{"name":"(anonymous_5)","decl":{"start":{"line":28,"column":13},"end":{"line":28,"column":14}},"loc":{"start":{"line":28,"column":20},"end":{"line":28,"column":23}},"line":28},"6":{"name":"(anonymous_6)","decl":{"start":{"line":32,"column":36},"end":{"line":32,"column":37}},"loc":{"start":{"line":32,"column":48},"end":{"line":34,"column":1}},"line":32},"7":{"name":"(anonymous_7)","decl":{"start":{"line":36,"column":37},"end":{"line":36,"column":38}},"loc":{"start":{"line":36,"column":57},"end":{"line":38,"column":1}},"line":36},"8":{"name":"(anonymous_8)","decl":{"start":{"line":37,"column":54},"end":{"line":37,"column":55}},"loc":{"start":{"line":37,"column":62},"end":{"line":37,"column":66}},"line":37}},"branchMap":{},"s":{"0":3,"1":3,"2":3,"3":3,"4":2,"5":2,"6":3,"7":2,"8":2,"9":2,"10":2,"11":2,"12":0,"13":3,"14":1,"15":3,"16":3,"17":3,"18":3},"f":{"0":2,"1":2,"2":2,"3":2,"4":2,"5":0,"6":1,"7":3,"8":3},"b":{},"_coverageSchema":"332fd63041d2c1bcb487cc26dd0d5f7d97098a6c","hash":"90836fe5c5e179b83a634e355d57e07f9dc85ca9"}
,"/Users/kamildydo/Projects/express-projs/fligth-check-in-node/routes/index.js": {"path":"/Users/kamildydo/Projects/express-projs/fligth-check-in-node/routes/index.js","statementMap":{"0":{"start":{"line":1,"column":14},"end":{"line":1,"column":32}},"1":{"start":{"line":2,"column":13},"end":{"line":2,"column":29}},"2":{"start":{"line":5,"column":0},"end":{"line":7,"column":2}},"3":{"start":{"line":6,"column":2},"end":{"line":6,"column":43}},"4":{"start":{"line":9,"column":0},"end":{"line":9,"column":23}}},"fnMap":{"0":{"name":"(anonymous_0)","decl":{"start":{"line":5,"column":16},"end":{"line":5,"column":17}},"loc":{"start":{"line":5,"column":41},"end":{"line":7,"column":1}},"line":5}},"branchMap":{},"s":{"0":2,"1":2,"2":2,"3":0,"4":2},"f":{"0":0},"b":{},"_coverageSchema":"332fd63041d2c1bcb487cc26dd0d5f7d97098a6c","hash":"b0c503d6bd83439a8e60df7bea104a4ceb9c14ea"}
,"/Users/kamildydo/Projects/express-projs/fligth-check-in-node/routes/reservations.js": {"path":"/Users/kamildydo/Projects/express-projs/fligth-check-in-node/routes/reservations.js","statementMap":{"0":{"start":{"line":1,"column":14},"end":{"line":1,"column":32}},"1":{"start":{"line":2,"column":13},"end":{"line":2,"column":29}},"2":{"start":{"line":3,"column":17},"end":{"line":3,"column":36}},"3":{"start":{"line":5,"column":34},"end":{"line":5,"column":54}},"4":{"start":{"line":7,"column":20},"end":{"line":7,"column":52}},"5":{"start":{"line":8,"column":13},"end":{"line":8,"column":38}},"6":{"start":{"line":10,"column":0},"end":{"line":10,"column":39}},"7":{"start":{"line":12,"column":0},"end":{"line":28,"column":2}},"8":{"start":{"line":13,"column":2},"end":{"line":27,"column":3}},"9":{"start":{"line":13,"column":30},"end":{"line":13,"column":58}},"10":{"start":{"line":14,"column":7},"end":{"line":27,"column":3}},"11":{"start":{"line":14,"column":38},"end":{"line":14,"column":69}},"12":{"start":{"line":15,"column":7},"end":{"line":27,"column":3}},"13":{"start":{"line":15,"column":34},"end":{"line":15,"column":64}},"14":{"start":{"line":19,"column":38},"end":{"line":19,"column":46}},"15":{"start":{"line":21,"column":4},"end":{"line":26,"column":54}},"16":{"start":{"line":23,"column":8},"end":{"line":23,"column":31}},"17":{"start":{"line":26,"column":20},"end":{"line":26,"column":53}},"18":{"start":{"line":30,"column":0},"end":{"line":30,"column":23}}},"fnMap":{"0":{"name":"(anonymous_0)","decl":{"start":{"line":12,"column":17},"end":{"line":12,"column":18}},"loc":{"start":{"line":12,"column":37},"end":{"line":28,"column":1}},"line":12},"1":{"name":"(anonymous_1)","decl":{"start":{"line":22,"column":12},"end":{"line":22,"column":13}},"loc":{"start":{"line":22,"column":22},"end":{"line":25,"column":7}},"line":22},"2":{"name":"(anonymous_2)","decl":{"start":{"line":26,"column":13},"end":{"line":26,"column":14}},"loc":{"start":{"line":26,"column":20},"end":{"line":26,"column":53}},"line":26}},"branchMap":{"0":{"loc":{"start":{"line":13,"column":2},"end":{"line":27,"column":3}},"type":"if","locations":[{"start":{"line":13,"column":2},"end":{"line":27,"column":3}},{"start":{"line":13,"column":2},"end":{"line":27,"column":3}}],"line":13},"1":{"loc":{"start":{"line":14,"column":7},"end":{"line":27,"column":3}},"type":"if","locations":[{"start":{"line":14,"column":7},"end":{"line":27,"column":3}},{"start":{"line":14,"column":7},"end":{"line":27,"column":3}}],"line":14},"2":{"loc":{"start":{"line":15,"column":7},"end":{"line":27,"column":3}},"type":"if","locations":[{"start":{"line":15,"column":7},"end":{"line":27,"column":3}},{"start":{"line":15,"column":7},"end":{"line":27,"column":3}}],"line":15}},"s":{"0":2,"1":2,"2":2,"3":2,"4":2,"5":2,"6":2,"7":2,"8":1,"9":0,"10":1,"11":0,"12":1,"13":0,"14":1,"15":1,"16":1,"17":0,"18":2},"f":{"0":1,"1":1,"2":0},"b":{"0":[0,1],"1":[0,1],"2":[0,1]},"_coverageSchema":"332fd63041d2c1bcb487cc26dd0d5f7d97098a6c","hash":"18b91c9ac5cdfbcacaa6449d6c06145981202cfc"}
,"/Users/kamildydo/Projects/express-projs/fligth-check-in-node/routes/seats.js": {"path":"/Users/kamildydo/Projects/express-projs/fligth-check-in-node/routes/seats.js","statementMap":{"0":{"start":{"line":1,"column":14},"end":{"line":1,"column":32}},"1":{"start":{"line":2,"column":13},"end":{"line":2,"column":29}},"2":{"start":{"line":3,"column":17},"end":{"line":3,"column":36}},"3":{"start":{"line":4,"column":15},"end":{"line":4,"column":32}},"4":{"start":{"line":6,"column":34},"end":{"line":6,"column":54}},"5":{"start":{"line":7,"column":20},"end":{"line":7,"column":52}},"6":{"start":{"line":8,"column":13},"end":{"line":8,"column":38}},"7":{"start":{"line":9,"column":13},"end":{"line":9,"column":38}},"8":{"start":{"line":11,"column":0},"end":{"line":11,"column":39}},"9":{"start":{"line":14,"column":0},"end":{"line":18,"column":2}},"10":{"start":{"line":15,"column":2},"end":{"line":17,"column":4}},"11":{"start":{"line":16,"column":4},"end":{"line":16,"column":19}},"12":{"start":{"line":20,"column":0},"end":{"line":40,"column":2}},"13":{"start":{"line":21,"column":2},"end":{"line":39,"column":4}},"14":{"start":{"line":22,"column":4},"end":{"line":24,"column":5}},"15":{"start":{"line":23,"column":6},"end":{"line":23,"column":57}},"16":{"start":{"line":23,"column":41},"end":{"line":23,"column":56}},"17":{"start":{"line":27,"column":4},"end":{"line":38,"column":6}},"18":{"start":{"line":31,"column":30},"end":{"line":33,"column":7}},"19":{"start":{"line":32,"column":24},"end":{"line":32,"column":41}},"20":{"start":{"line":35,"column":6},"end":{"line":37,"column":7}},"21":{"start":{"line":36,"column":8},"end":{"line":36,"column":27}},"22":{"start":{"line":42,"column":0},"end":{"line":61,"column":2}},"23":{"start":{"line":43,"column":2},"end":{"line":60,"column":3}},"24":{"start":{"line":43,"column":30},"end":{"line":43,"column":58}},"25":{"start":{"line":44,"column":7},"end":{"line":60,"column":3}},"26":{"start":{"line":44,"column":38},"end":{"line":44,"column":69}},"27":{"start":{"line":46,"column":32},"end":{"line":46,"column":40}},"28":{"start":{"line":47,"column":4},"end":{"line":59,"column":6}},"29":{"start":{"line":48,"column":6},"end":{"line":50,"column":7}},"30":{"start":{"line":49,"column":8},"end":{"line":49,"column":53}},"31":{"start":{"line":52,"column":6},"end":{"line":58,"column":8}},"32":{"start":{"line":53,"column":8},"end":{"line":53,"column":69}},"33":{"start":{"line":53,"column":19},"end":{"line":53,"column":69}},"34":{"start":{"line":55,"column":8},"end":{"line":57,"column":10}},"35":{"start":{"line":56,"column":10},"end":{"line":56,"column":41}},"36":{"start":{"line":63,"column":0},"end":{"line":63,"column":23}}},"fnMap":{"0":{"name":"(anonymous_0)","decl":{"start":{"line":14,"column":16},"end":{"line":14,"column":17}},"loc":{"start":{"line":14,"column":42},"end":{"line":18,"column":1}},"line":14},"1":{"name":"(anonymous_1)","decl":{"start":{"line":15,"column":21},"end":{"line":15,"column":22}},"loc":{"start":{"line":15,"column":30},"end":{"line":17,"column":3}},"line":15},"2":{"name":"(anonymous_2)","decl":{"start":{"line":20,"column":25},"end":{"line":20,"column":26}},"loc":{"start":{"line":20,"column":45},"end":{"line":40,"column":1}},"line":20},"3":{"name":"(anonymous_3)","decl":{"start":{"line":21,"column":28},"end":{"line":21,"column":29}},"loc":{"start":{"line":21,"column":44},"end":{"line":39,"column":3}},"line":21},"4":{"name":"(anonymous_4)","decl":{"start":{"line":23,"column":32},"end":{"line":23,"column":33}},"loc":{"start":{"line":23,"column":41},"end":{"line":23,"column":56}},"line":23},"5":{"name":"(anonymous_5)","decl":{"start":{"line":30,"column":12},"end":{"line":30,"column":13}},"loc":{"start":{"line":30,"column":29},"end":{"line":38,"column":5}},"line":30},"6":{"name":"(anonymous_6)","decl":{"start":{"line":32,"column":8},"end":{"line":32,"column":9}},"loc":{"start":{"line":32,"column":24},"end":{"line":32,"column":41}},"line":32},"7":{"name":"(anonymous_7)","decl":{"start":{"line":35,"column":57},"end":{"line":35,"column":58}},"loc":{"start":{"line":36,"column":8},"end":{"line":36,"column":27}},"line":36},"8":{"name":"(anonymous_8)","decl":{"start":{"line":42,"column":20},"end":{"line":42,"column":21}},"loc":{"start":{"line":42,"column":40},"end":{"line":61,"column":1}},"line":42},"9":{"name":"(anonymous_9)","decl":{"start":{"line":47,"column":33},"end":{"line":47,"column":34}},"loc":{"start":{"line":47,"column":41},"end":{"line":59,"column":5}},"line":47},"10":{"name":"(anonymous_10)","decl":{"start":{"line":52,"column":42},"end":{"line":52,"column":43}},"loc":{"start":{"line":52,"column":50},"end":{"line":58,"column":7}},"line":52},"11":{"name":"(anonymous_11)","decl":{"start":{"line":55,"column":43},"end":{"line":55,"column":44}},"loc":{"start":{"line":55,"column":61},"end":{"line":57,"column":9}},"line":55}},"branchMap":{"0":{"loc":{"start":{"line":22,"column":4},"end":{"line":24,"column":5}},"type":"if","locations":[{"start":{"line":22,"column":4},"end":{"line":24,"column":5}},{"start":{"line":22,"column":4},"end":{"line":24,"column":5}}],"line":22},"1":{"loc":{"start":{"line":43,"column":2},"end":{"line":60,"column":3}},"type":"if","locations":[{"start":{"line":43,"column":2},"end":{"line":60,"column":3}},{"start":{"line":43,"column":2},"end":{"line":60,"column":3}}],"line":43},"2":{"loc":{"start":{"line":44,"column":7},"end":{"line":60,"column":3}},"type":"if","locations":[{"start":{"line":44,"column":7},"end":{"line":60,"column":3}},{"start":{"line":44,"column":7},"end":{"line":60,"column":3}}],"line":44},"3":{"loc":{"start":{"line":48,"column":6},"end":{"line":50,"column":7}},"type":"if","locations":[{"start":{"line":48,"column":6},"end":{"line":50,"column":7}},{"start":{"line":48,"column":6},"end":{"line":50,"column":7}}],"line":48},"4":{"loc":{"start":{"line":53,"column":8},"end":{"line":53,"column":69}},"type":"if","locations":[{"start":{"line":53,"column":8},"end":{"line":53,"column":69}},{"start":{"line":53,"column":8},"end":{"line":53,"column":69}}],"line":53}},"s":{"0":2,"1":2,"2":2,"3":2,"4":2,"5":2,"6":2,"7":2,"8":2,"9":2,"10":1,"11":1,"12":2,"13":1,"14":1,"15":0,"16":0,"17":1,"18":1,"19":1,"20":1,"21":1,"22":2,"23":1,"24":0,"25":1,"26":0,"27":1,"28":1,"29":1,"30":0,"31":1,"32":1,"33":0,"34":1,"35":1,"36":2},"f":{"0":1,"1":1,"2":1,"3":1,"4":0,"5":1,"6":1,"7":1,"8":1,"9":1,"10":1,"11":1},"b":{"0":[0,1],"1":[0,1],"2":[0,1],"3":[0,1],"4":[0,1]},"_coverageSchema":"332fd63041d2c1bcb487cc26dd0d5f7d97098a6c","hash":"0d2a58c607d0ea248475f22134aa34ebe1b34276"}
,"/Users/kamildydo/Projects/express-projs/fligth-check-in-node/routes/users.js": {"path":"/Users/kamildydo/Projects/express-projs/fligth-check-in-node/routes/users.js","statementMap":{"0":{"start":{"line":1,"column":14},"end":{"line":1,"column":32}},"1":{"start":{"line":2,"column":13},"end":{"line":2,"column":29}},"2":{"start":{"line":4,"column":13},"end":{"line":4,"column":38}},"3":{"start":{"line":7,"column":0},"end":{"line":9,"column":2}},"4":{"start":{"line":8,"column":2},"end":{"line":8,"column":37}},"5":{"start":{"line":11,"column":0},"end":{"line":21,"column":2}},"6":{"start":{"line":12,"column":2},"end":{"line":20,"column":3}},"7":{"start":{"line":12,"column":30},"end":{"line":12,"column":58}},"8":{"start":{"line":13,"column":7},"end":{"line":20,"column":3}},"9":{"start":{"line":13,"column":38},"end":{"line":13,"column":69}},"10":{"start":{"line":16,"column":32},"end":{"line":16,"column":40}},"11":{"start":{"line":17,"column":4},"end":{"line":19,"column":34}},"12":{"start":{"line":18,"column":24},"end":{"line":18,"column":42}},"13":{"start":{"line":19,"column":20},"end":{"line":19,"column":33}},"14":{"start":{"line":23,"column":0},"end":{"line":23,"column":23}}},"fnMap":{"0":{"name":"(anonymous_0)","decl":{"start":{"line":7,"column":16},"end":{"line":7,"column":17}},"loc":{"start":{"line":7,"column":42},"end":{"line":9,"column":1}},"line":7},"1":{"name":"(anonymous_1)","decl":{"start":{"line":11,"column":17},"end":{"line":11,"column":18}},"loc":{"start":{"line":11,"column":31},"end":{"line":21,"column":1}},"line":11},"2":{"name":"(anonymous_2)","decl":{"start":{"line":18,"column":12},"end":{"line":18,"column":13}},"loc":{"start":{"line":18,"column":24},"end":{"line":18,"column":42}},"line":18},"3":{"name":"(anonymous_3)","decl":{"start":{"line":19,"column":13},"end":{"line":19,"column":14}},"loc":{"start":{"line":19,"column":20},"end":{"line":19,"column":33}},"line":19}},"branchMap":{"0":{"loc":{"start":{"line":12,"column":2},"end":{"line":20,"column":3}},"type":"if","locations":[{"start":{"line":12,"column":2},"end":{"line":20,"column":3}},{"start":{"line":12,"column":2},"end":{"line":20,"column":3}}],"line":12},"1":{"loc":{"start":{"line":13,"column":7},"end":{"line":20,"column":3}},"type":"if","locations":[{"start":{"line":13,"column":7},"end":{"line":20,"column":3}},{"start":{"line":13,"column":7},"end":{"line":20,"column":3}}],"line":13}},"s":{"0":2,"1":2,"2":2,"3":2,"4":0,"5":2,"6":1,"7":0,"8":1,"9":0,"10":1,"11":1,"12":1,"13":0,"14":2},"f":{"0":0,"1":1,"2":1,"3":0},"b":{"0":[0,1],"1":[0,1]},"_coverageSchema":"332fd63041d2c1bcb487cc26dd0d5f7d97098a6c","hash":"e40a1a938b930d1f40a39b1ddf8453f92645d355"}
}
