TN:
SF:/Users/kamildydo/Projects/express-projs/fligth-check-in-node/consts.js
FNF:0
FNH:0
DA:1,1
DA:3,1
LF:2
LH:2
BRF:0
BRH:0
end_of_record
TN:
SF:/Users/kamildydo/Projects/express-projs/fligth-check-in-node/models/reservation.js
FN:15,(anonymous_0)
FN:16,(anonymous_1)
FN:20,(anonymous_2)
FN:25,(anonymous_3)
FN:40,(anonymous_4)
FNF:5
FNH:5
FNDA:1,(anonymous_0)
FNDA:1,(anonymous_1)
FNDA:1,(anonymous_2)
FNDA:1,(anonymous_3)
FNDA:1,(anonymous_4)
DA:1,1
DA:2,1
DA:4,1
DA:6,1
DA:8,1
DA:15,1
DA:16,1
DA:17,1
DA:18,0
DA:20,1
DA:21,1
DA:22,0
DA:25,1
DA:26,1
DA:27,0
DA:30,1
DA:34,1
DA:40,1
DA:41,1
DA:44,1
LF:20
LH:17
BRDA:17,0,0,0
BRDA:17,0,1,1
BRDA:21,1,0,0
BRDA:21,1,1,1
BRDA:26,2,0,0
BRDA:26,2,1,1
BRF:6
BRH:3
end_of_record
TN:
SF:/Users/kamildydo/Projects/express-projs/fligth-check-in-node/models/seat.js
FN:14,(anonymous_0)
FNF:1
FNH:0
FNDA:0,(anonymous_0)
DA:1,1
DA:3,1
DA:5,1
DA:7,1
DA:14,1
DA:15,0
DA:18,1
LF:7
LH:6
BRF:0
BRH:0
end_of_record
TN:
SF:/Users/kamildydo/Projects/express-projs/fligth-check-in-node/models/user.js
FN:11,hashPassword
FN:12,(anonymous_1)
FN:17,(anonymous_2)
FN:20,(anonymous_3)
FN:25,(anonymous_4)
FN:29,(anonymous_5)
FN:33,(anonymous_6)
FN:34,(anonymous_7)
FNF:8
FNH:8
FNDA:1,hashPassword
FNDA:1,(anonymous_1)
FNDA:1,(anonymous_2)
FNDA:1,(anonymous_3)
FNDA:1,(anonymous_4)
FNDA:1,(anonymous_5)
FNDA:1,(anonymous_6)
FNDA:1,(anonymous_7)
DA:1,1
DA:2,1
DA:4,1
DA:6,1
DA:12,1
DA:13,1
DA:17,1
DA:18,1
DA:20,1
DA:21,1
DA:25,1
DA:29,1
DA:30,1
DA:33,1
DA:34,1
DA:37,1
LF:16
LH:16
BRF:0
BRH:0
end_of_record
